<?xml version="1.0" encoding="UTF-8"?>
<testsuite xmlns:xsi="http://www.w3.org/2001/XMLSchema-instance" xsi:noNamespaceSchemaLocation="https://maven.apache.org/surefire/maven-surefire-plugin/xsd/surefire-test-report.xsd" version="3.0.2" name="spring_learn_rest.SpringLearnRestApplicationTests" time="4.96" tests="1" errors="0" skipped="0" failures="0" flakes="0">
  <properties>
[...]
</properties>
  <testcase name="contextLoads" classname="spring_learn_rest.SpringLearnRestApplicationTests" time="1.367">
    <system-out><![CDATA[19:36:28.340 [main] INFO org.springframework.test.context.support.AnnotationConfigContextLoaderUtils -- Could not detect default configuration classes for test class [spring_learn_rest.SpringLearnRestApplicationTests]: SpringLearnRestApplicationTests does not declare any static, non-private, non-final, nested classes annotated with @Configuration.
19:36:28.519 [main] INFO org.springframework.boot.test.context.SpringBootTestContextBootstrapper -- Found @SpringBootConfiguration spring_learn_rest.SpringLearnRestApplication for test class spring_learn_rest.SpringLearnRestApplicationTests
19:36:28.814 [main] INFO org.springframework.test.context.support.AnnotationConfigContextLoaderUtils -- Could not detect default configuration classes for test class [spring_learn_rest.SpringLearnRestApplicationTests]: SpringLearnRestApplicationTests does not declare any static, non-private, non-final, nested classes annotated with @Configuration.
19:36:28.819 [main] INFO org.springframework.boot.test.context.SpringBootTestContextBootstrapper -- Found @SpringBootConfiguration spring_learn_rest.SpringLearnRestApplication for test class spring_learn_rest.SpringLearnRestApplicationTests
19:36:29.016 [main] INFO org.springframework.boot.devtools.restart.RestartApplicationListener -- Restart disabled due to context in which it is running

  .   ____          _            __ _ _
 /\\ / ___'_ __ _ _(_)_ __  __ _ \ \ \ \
( ( )\___ | '_ | '_| | '_ \/ _` | \ \ \ \
 \\/  ___)| |_)| | | | | || (_| |  ) ) ) )
  '  |____| .__|_| |_|_| |_\__, | / / / /
 =========|_|==============|___/=/_/_/_/

 :: Spring Boot ::       (v4.1.1-SNAPSHOT)

2026-07-12T19:36:29.549+05:30  INFO 2976 --- [spring-learn-rest] [           main] s.SpringLearnRestApplicationTests        : Starting SpringLearnRestApplicationTests using Java 17.0.19 with PID 2976 (started by USER in C:\Users\USER\Downloads\spring-learn-rest\spring-learn-rest)
2026-07-12T19:36:29.552+05:30  INFO 2976 --- [spring-learn-rest] [           main] s.SpringLearnRestApplicationTests        : No active profile set, falling back to 1 default profile: "default"
2026-07-12T19:36:31.452+05:30  INFO 2976 --- [spring-learn-rest] [           main] s.SpringLearnRestApplicationTests        : Started SpringLearnRestApplicationTests in 2.467 seconds (process running for 4.742)
]]></system-out>
  </testcase>
</testsuite>